<?xml version="1.0" encoding="UTF-8"?>
<testsuite xmlns:xsi="http://www.w3.org/2001/XMLSchema-instance" xsi:noNamespaceSchemaLocation="https://maven.apache.org/surefire/maven-surefire-plugin/xsd/surefire-test-report-3.0.xsd" version="3.0" name="com.example.GraphTest" time="0.087" tests="34" errors="0" skipped="0" failures="0">
  <properties>
    <property name="java.specification.version" value="22"/>
    <property name="sun.cpu.isalist" value="amd64"/>
    <property name="sun.jnu.encoding" value="Cp1252"/>
    <property name="java.class.path" value="C:\Users\Admin\Desktop\Semester_7\ST\Mutation-Testing\Codebase\target\test-classes;C:\Users\Admin\Desktop\Semester_7\ST\Mutation-Testing\Codebase\target\classes;C:\Users\Admin\.m2\repository\junit\junit\4.13.2\junit-4.13.2.jar;C:\Users\Admin\.m2\repository\org\hamcrest\hamcrest-core\1.3\hamcrest-core-1.3.jar;"/>
    <property name="java.vm.vendor" value="Oracle Corporation"/>
    <property name="sun.arch.data.model" value="64"/>
    <property name="user.variant" value=""/>
    <property name="java.vendor.url" value="https://java.oracle.com/"/>
    <property name="user.timezone" value="Asia/Calcutta"/>
    <property name="os.name" value="Windows 11"/>
    <property name="java.vm.specification.version" value="22"/>
    <property name="sun.java.launcher" value="SUN_STANDARD"/>
    <property name="user.country" value="IN"/>
    <property name="sun.boot.library.path" value="C:\Program Files\Java\jdk-22\bin"/>
    <property name="sun.java.command" value="C:\Users\Admin\AppData\Local\Temp\surefire12058279513474789201\surefirebooter-20241124155031995_3.jar C:\Users\Admin\AppData\Local\Temp\surefire12058279513474789201 2024-11-24T15-50-31_819-jvmRun1 surefire-20241124155031995_1tmp surefire_0-20241124155031995_2tmp"/>
    <property name="jdk.debug" value="release"/>
    <property name="surefire.test.class.path" value="C:\Users\Admin\Desktop\Semester_7\ST\Mutation-Testing\Codebase\target\test-classes;C:\Users\Admin\Desktop\Semester_7\ST\Mutation-Testing\Codebase\target\classes;C:\Users\Admin\.m2\repository\junit\junit\4.13.2\junit-4.13.2.jar;C:\Users\Admin\.m2\repository\org\hamcrest\hamcrest-core\1.3\hamcrest-core-1.3.jar;"/>
    <property name="sun.cpu.endian" value="little"/>
    <property name="user.home" value="C:\Users\Admin"/>
    <property name="user.language" value="en"/>
    <property name="java.specification.vendor" value="Oracle Corporation"/>
    <property name="java.version.date" value="2024-07-16"/>
    <property name="java.home" value="C:\Program Files\Java\jdk-22"/>
    <property name="file.separator" value="\"/>
    <property name="basedir" value="C:\Users\Admin\Desktop\Semester_7\ST\Mutation-Testing\Codebase"/>
    <property name="java.vm.compressedOopsMode" value="Zero based"/>
    <property name="line.separator" value="&#10;"/>
    <property name="java.vm.specification.vendor" value="Oracle Corporation"/>
    <property name="java.specification.name" value="Java Platform API Specification"/>
    <property name="surefire.real.class.path" value="C:\Users\Admin\AppData\Local\Temp\surefire12058279513474789201\surefirebooter-20241124155031995_3.jar"/>
    <property name="user.script" value=""/>
    <property name="sun.management.compiler" value="HotSpot 64-Bit Tiered Compilers"/>
    <property name="java.runtime.version" value="22.0.2+9-70"/>
    <property name="user.name" value="Admin"/>
    <property name="stdout.encoding" value="Cp1252"/>
    <property name="path.separator" value=";"/>
    <property name="os.version" value="10.0"/>
    <property name="java.runtime.name" value="Java(TM) SE Runtime Environment"/>
    <property name="file.encoding" value="UTF-8"/>
    <property name="java.vm.name" value="Java HotSpot(TM) 64-Bit Server VM"/>
    <property name="localRepository" value="C:\Users\Admin\.m2\repository"/>
    <property name="java.vendor.url.bug" value="https://bugreport.java.com/bugreport/"/>
    <property name="java.io.tmpdir" value="C:\Users\Admin\AppData\Local\Temp\"/>
    <property name="java.version" value="22.0.2"/>
    <property name="user.dir" value="C:\Users\Admin\Desktop\Semester_7\ST\Mutation-Testing\Codebase"/>
    <property name="os.arch" value="amd64"/>
    <property name="java.vm.specification.name" value="Java Virtual Machine Specification"/>
    <property name="sun.os.patch.level" value=""/>
    <property name="native.encoding" value="Cp1252"/>
    <property name="java.library.path" value="C:\Program Files\Java\jdk-22\bin;C:\WINDOWS\Sun\Java\bin;C:\WINDOWS\system32;C:\WINDOWS;C:\Users\Admin\miniconda3;C:\Users\Admin\miniconda3\Library\mingw-w64\bin;C:\Users\Admin\miniconda3\Library\usr\bin;C:\Users\Admin\miniconda3\Library\bin;C:\Users\Admin\miniconda3\Scripts;C:\Users\Admin\miniconda3\bin;C:\Users\Admin\miniconda3\condabin;C:\Program Files\Quarto\bin;C:\Program Files\Common Files\Oracle\Java\javapath;C:\Program Files\NVIDIA GPU Computing Toolkit\CUDA\v12.1\bin;C:\Program Files\NVIDIA GPU Computing Toolkit\CUDA\v12.1\libnvvp;C:\WINDOWS\system32;C:\WINDOWS;C:\WINDOWS\System32\Wbem;C:\WINDOWS\System32\WindowsPowerShell\v1.0;C:\WINDOWS\System32\OpenSSH;C:\MinGW\bin;C:\Program Files\Git\cmd;C:\Users\Admin\miniconda3\Scripts;C:\Users\Admin\miniconda3;C:\Program Files\NVIDIA Corporation\Nsight Compute 2023.1.0;C:\Program Files (x86)\NVIDIA Corporation\PhysX\Common;C:\Program Files\NVIDIA Corporation\NVIDIA NvDLISR;C:\Program Files\Git LFS;C:\Program Files\Docker\Docker\resources\bin;C:\Program Files\Cloudflare\Cloudflare WARP;C:\Program Files\nodejs;C:\Users\Admin\.pyenv\pyenv-win\bin;C:\Users\Admin\.pyenv\pyenv-win\shims;C:\Users\Admin\AppData\Local\Programs\Python\Python311\Scripts;C:\Users\Admin\AppData\Local\Programs\Python\Python311;C:\Users\Admin\AppData\Local\Microsoft\WindowsApps;C:\Users\Admin\AppData\Local\Programs\Microsoft VS Code\bin;C:\Program Files\snap\bin;C:\Program Files\MongoDB\Server\7.0\bin;C:\Program Files\JetBrains\IntelliJ IDEA Community Edition 2024.2.0.2\bin;C:\Program Files\Quarto\bin;C:\Program Files\Docker\Docker\resources\bin;C:\Program Files\Tesseract-OCR;C:\msys64\mingw64\bin;\\wsl$\Ubuntu\snap\bin;C:\Users\Admin\AppData\Local\Microsoft\WindowsApps;C:\Program Files\apache-maven-3.9.9\bin;C:\Users\Admin\AppData\Roaming\npm;."/>
    <property name="java.vm.info" value="mixed mode, sharing"/>
    <property name="stderr.encoding" value="Cp1252"/>
    <property name="java.vendor" value="Oracle Corporation"/>
    <property name="java.vm.version" value="22.0.2+9-70"/>
    <property name="sun.io.unicode.encoding" value="UnicodeLittle"/>
    <property name="java.class.version" value="66.0"/>
  </properties>
  <testcase name="orangesRottingTest2" classname="com.example.GraphTest" time="0.005"/>
  <testcase name="WordladderLengthTest" classname="com.example.GraphTest" time="0.0"/>
  <testcase name="testNonBipartiteGraph" classname="com.example.GraphTest" time="0.0"/>
  <testcase name="surroundedRegionsTest" classname="com.example.GraphTest" time="0.002"/>
  <testcase name="testIsBipartiteFalse" classname="com.example.GraphTest" time="0.001"/>
  <testcase name="testBellmanFord" classname="com.example.GraphTest" time="0.001"/>
  <testcase name="networkDelayTimeTest" classname="com.example.GraphTest" time="0.003"/>
  <testcase name="eventualSafeNodesTest" classname="com.example.GraphTest" time="0.0"/>
  <testcase name="minimumEffortPathTest" classname="com.example.GraphTest" time="0.001"/>
  <testcase name="findCheapestPriceTest" classname="com.example.GraphTest" time="0.0"/>
  <testcase name="isCycleTest" classname="com.example.GraphTest" time="0.001"/>
  <testcase name="testFindRedundantConnection" classname="com.example.GraphTest" time="0.001"/>
  <testcase name="orangesRottingTest" classname="com.example.GraphTest" time="0.0"/>
  <testcase name="shortestPathBinaryMatrixTest1" classname="com.example.GraphTest" time="0.0"/>
  <testcase name="shortestPathBinaryMatrixTest2" classname="com.example.GraphTest" time="0.001"/>
  <testcase name="shortestPathBinaryMatrixTest3" classname="com.example.GraphTest" time="0.0"/>
  <testcase name="shortestPathBinaryMatrixTest4" classname="com.example.GraphTest" time="0.0"/>
  <testcase name="shortestPathBinaryMatrixTest" classname="com.example.GraphTest" time="0.0"/>
  <testcase name="dfsOfGraphTest" classname="com.example.GraphTest" time="0.001"/>
  <testcase name="loudAndRichtest" classname="com.example.GraphTest" time="0.0"/>
  <testcase name="testGetAncestors" classname="com.example.GraphTest" time="0.0"/>
  <testcase name="findTheCityTest" classname="com.example.GraphTest" time="0.0"/>
  <testcase name="testLargestIsland" classname="com.example.GraphTest" time="0.0"/>
  <testcase name="testIsBipartiteTrue" classname="com.example.GraphTest" time="0.0"/>
  <testcase name="findProvincesTest" classname="com.example.GraphTest" time="0.0"/>
  <testcase name="testcountConnected" classname="com.example.GraphTest" time="0.0"/>
  <testcase name="testEdgeCaseSingleCell" classname="com.example.GraphTest" time="0.0"/>
  <testcase name="isCycleTest2" classname="com.example.GraphTest" time="0.0"/>
  <testcase name="updateMatrixTest" classname="com.example.GraphTest" time="0.0"/>
  <testcase name="testFindOrder" classname="com.example.GraphTest" time="0.0"/>
  <testcase name="countPathsTest" classname="com.example.GraphTest" time="0.001"/>
  <testcase name="testLargeEffortDifference" classname="com.example.GraphTest" time="0.0"/>
  <testcase name="bfsOfGraphTest" classname="com.example.GraphTest" time="0.005">
    <system-out><![CDATA[Hello There
]]></system-out>
  </testcase>
  <testcase name="testAccountsMerge" classname="com.example.GraphTest" time="0.0"/>
</testsuite>