<<<<<<< HEAD
<?xml version="1.0" encoding="UTF-8" ?>
<testsuite tests="26" failures="0" name="com.example.GraphTest" time="0.072" errors="0" skipped="0">
=======
<?xml version="1.0" encoding="UTF-8"?>
<testsuite xmlns:xsi="http://www.w3.org/2001/XMLSchema-instance" xsi:noNamespaceSchemaLocation="https://maven.apache.org/surefire/maven-surefire-plugin/xsd/surefire-test-report-3.0.xsd" version="3.0" name="com.example.GraphTest" time="0.109" tests="25" errors="0" skipped="0" failures="0">
>>>>>>> c81f69e0da347fe7d9d90aca8b2f14d68b0bc3ab
  <properties>
    <property name="java.runtime.name" value="OpenJDK Runtime Environment"/>
    <property name="java.vm.version" value="17.0.13+11-Ubuntu-2ubuntu122.04"/>
    <property name="sun.boot.library.path" value="/usr/lib/jvm/java-17-openjdk-amd64/lib"/>
    <property name="maven.multiModuleProjectDirectory" value="/mnt/c/Users/Admin/Desktop/Semester_7/ST/Mutation-Testing/Codebase"/>
    <property name="java.vm.vendor" value="Ubuntu"/>
    <property name="java.vendor.url" value="https://ubuntu.com/"/>
    <property name="guice.disable.misplaced.annotation.check" value="true"/>
    <property name="path.separator" value=":"/>
    <property name="java.vm.name" value="OpenJDK 64-Bit Server VM"/>
    <property name="sun.java.launcher" value="SUN_STANDARD"/>
<<<<<<< HEAD
    <property name="java.vm.specification.name" value="Java Virtual Machine Specification"/>
    <property name="user.dir" value="/mnt/c/Users/Admin/Desktop/Semester_7/ST/Mutation-Testing/Codebase"/>
    <property name="java.vm.compressedOopsMode" value="32-bit"/>
    <property name="java.runtime.version" value="17.0.13+11-Ubuntu-2ubuntu122.04"/>
    <property name="os.arch" value="amd64"/>
    <property name="java.io.tmpdir" value="/tmp"/>
    <property name="line.separator" value="
"/>
    <property name="java.vm.specification.vendor" value="Oracle Corporation"/>
    <property name="os.name" value="Linux"/>
    <property name="classworlds.conf" value="/usr/share/maven/bin/m2.conf"/>
    <property name="sun.jnu.encoding" value="UTF-8"/>
    <property name="java.library.path" value="/usr/java/packages/lib:/usr/lib/x86_64-linux-gnu/jni:/lib/x86_64-linux-gnu:/usr/lib/x86_64-linux-gnu:/usr/lib/jni:/lib:/usr/lib"/>
    <property name="maven.conf" value="/usr/share/maven/conf"/>
=======
    <property name="user.country" value="IN"/>
    <property name="sun.boot.library.path" value="C:\Program Files\Java\jdk-21.0.2\bin"/>
    <property name="sun.java.command" value="C:\Users\P.Ramsai Koushik\AppData\Local\Temp\surefire5394103633749327758\surefirebooter-20241124112241746_3.jar C:\Users\P.Ramsai Koushik\AppData\Local\Temp\surefire5394103633749327758 2024-11-24T11-22-41_524-jvmRun1 surefire-20241124112241746_1tmp surefire_0-20241124112241746_2tmp"/>
>>>>>>> c81f69e0da347fe7d9d90aca8b2f14d68b0bc3ab
    <property name="jdk.debug" value="release"/>
    <property name="java.class.version" value="61.0"/>
    <property name="java.specification.name" value="Java Platform API Specification"/>
    <property name="sun.management.compiler" value="HotSpot 64-Bit Tiered Compilers"/>
    <property name="os.version" value="5.15.167.4-microsoft-standard-WSL2"/>
    <property name="library.jansi.path" value="/usr/share/maven/lib/jansi-native"/>
    <property name="user.home" value="/home/wsl"/>
    <property name="user.timezone" value="Asia/Calcutta"/>
    <property name="file.encoding" value="UTF-8"/>
    <property name="java.specification.version" value="17"/>
    <property name="user.name" value="wsl"/>
    <property name="java.class.path" value="/usr/share/maven/boot/plexus-classworlds-2.x.jar"/>
    <property name="java.vm.specification.version" value="17"/>
    <property name="sun.arch.data.model" value="64"/>
    <property name="sun.java.command" value="org.codehaus.plexus.classworlds.launcher.Launcher clean test"/>
    <property name="java.home" value="/usr/lib/jvm/java-17-openjdk-amd64"/>
    <property name="user.language" value="en"/>
    <property name="java.specification.vendor" value="Oracle Corporation"/>
<<<<<<< HEAD
=======
    <property name="java.version.date" value="2024-01-16"/>
    <property name="java.home" value="C:\Program Files\Java\jdk-21.0.2"/>
    <property name="file.separator" value="\"/>
    <property name="basedir" value="C:\Users\P.Ramsai Koushik\7th Sem\ST\EndTerm Project\demo\Codebase"/>
    <property name="java.vm.compressedOopsMode" value="Zero based"/>
    <property name="line.separator" value="&#10;"/>
    <property name="java.vm.specification.vendor" value="Oracle Corporation"/>
    <property name="java.specification.name" value="Java Platform API Specification"/>
    <property name="surefire.real.class.path" value="C:\Users\P.Ramsai Koushik\AppData\Local\Temp\surefire5394103633749327758\surefirebooter-20241124112241746_3.jar"/>
    <property name="user.script" value=""/>
    <property name="sun.management.compiler" value="HotSpot 64-Bit Tiered Compilers"/>
    <property name="java.runtime.version" value="21.0.2+13-58"/>
    <property name="user.name" value="P.Ramsai Koushik"/>
    <property name="stdout.encoding" value="Cp1252"/>
    <property name="path.separator" value=";"/>
    <property name="os.version" value="10.0"/>
    <property name="java.runtime.name" value="OpenJDK Runtime Environment"/>
    <property name="file.encoding" value="UTF-8"/>
    <property name="java.vm.name" value="OpenJDK 64-Bit Server VM"/>
    <property name="localRepository" value="C:\Users\P.Ramsai Koushik\.m2\repository"/>
    <property name="java.vendor.url.bug" value="https://bugreport.java.com/bugreport/"/>
    <property name="java.io.tmpdir" value="C:\Users\PB83F~1.RAM\AppData\Local\Temp\"/>
    <property name="java.version" value="21.0.2"/>
    <property name="user.dir" value="C:\Users\P.Ramsai Koushik\7th Sem\ST\EndTerm Project\demo\Codebase"/>
    <property name="os.arch" value="amd64"/>
    <property name="java.vm.specification.name" value="Java Virtual Machine Specification"/>
    <property name="sun.os.patch.level" value=""/>
    <property name="native.encoding" value="Cp1252"/>
    <property name="java.library.path" value="C:\Program Files\Java\jdk-21.0.2\bin;C:\WINDOWS\Sun\Java\bin;C:\WINDOWS\system32;C:\WINDOWS;C:\Program Files (x86)\VMware\VMware Workstation\bin\;C:\Program Files\Python312\Scripts\;C:\Program Files\Python312\;C:\WINDOWS\system32;C:\WINDOWS;C:\WINDOWS\System32\Wbem;C:\WINDOWS\System32\WindowsPowerShell\v1.0\;C:\WINDOWS\System32\OpenSSH\;C:\Program Files\MATLAB\R2022b\bin;C:\Program Files\Git\cmd;C:\Program Files\MySQL\MySQL Server 8.0\bin;C:\Program Files\Docker\Docker\resources\bin;C:\Program Files\Java\jdk-21.0.2\;C:\Program Files\nodejs\;C:\ProgramData\chocolatey\bin;C:\Program Files\Java\jdk-21.0.2\bin;C:\Program Files\MySQL\MySQL Shell 8.0\bin\;C:\Users\P.Ramsai Koushik\AppData\Local\Microsoft\WindowsApps;C:\Users\P.Ramsai Koushik\Downloads\softwareApp\flutter\bin;C:\Users\P.Ramsai Koushik\AppData\Local\Programs\Microsoft VS Code\bin;C:\Program Files\JetBrains\IntelliJ IDEA Community Edition 2023.3.6\bin;C:\Users\P.Ramsai Koushik\Software Downloads\openjdk-21.0.2_windows-x64_bin\jdk-21.0.2\bin;;C:\Users\P.Ramsai Koushik\AppData\Roaming\Python\Python312\Scripts;C:\Users\P.Ramsai Koushik\AppData\Local\Microsoft\WinGet\Packages\Schniz.fnm_Microsoft.Winget.Source_8wekyb3d8bbwe;C:\Users\P.Ramsai Koushik\AppData\Roaming\npm;C:\msys64\ucrt64\bin;C:\Program Files\apache-maven-3.9.9\bin;;."/>
>>>>>>> c81f69e0da347fe7d9d90aca8b2f14d68b0bc3ab
    <property name="java.vm.info" value="mixed mode, sharing"/>
    <property name="java.version" value="17.0.13"/>
    <property name="native.encoding" value="UTF-8"/>
    <property name="java.vendor" value="Ubuntu"/>
    <property name="sun.stderr.encoding" value="UTF-8"/>
    <property name="java.specification.maintenance.version" value="1"/>
    <property name="maven.home" value="/usr/share/maven"/>
    <property name="file.separator" value="/"/>
    <property name="java.version.date" value="2024-10-15"/>
    <property name="java.vendor.url.bug" value="https://bugs.launchpad.net/ubuntu/+source/openjdk-17"/>
    <property name="sun.io.unicode.encoding" value="UnicodeLittle"/>
    <property name="sun.cpu.endian" value="little"/>
    <property name="sun.stdout.encoding" value="UTF-8"/>
  </properties>
<<<<<<< HEAD
  <testcase classname="com.example.GraphTest" name="WordladderLengthTest" time="0.041"/>
  <testcase classname="com.example.GraphTest" name="surroundedRegionsTest" time="0.01"/>
  <testcase classname="com.example.GraphTest" name="testIsBipartiteFalse" time="0"/>
  <testcase classname="com.example.GraphTest" name="testBellmanFord" time="0.001"/>
  <testcase classname="com.example.GraphTest" name="networkDelayTimeTest" time="0.002"/>
  <testcase classname="com.example.GraphTest" name="eventualSafeNodesTest" time="0"/>
  <testcase classname="com.example.GraphTest" name="minimumEffortPathTest" time="0"/>
  <testcase classname="com.example.GraphTest" name="findCheapestPriceTest" time="0"/>
  <testcase classname="com.example.GraphTest" name="isCycleTest" time="0"/>
  <testcase classname="com.example.GraphTest" name="testFindRedundantConnection" time="0.015"/>
  <testcase classname="com.example.GraphTest" name="orangesRottingTest" time="0"/>
  <testcase classname="com.example.GraphTest" name="shortestPathBinaryMatrixTest" time="0"/>
  <testcase classname="com.example.GraphTest" name="dfsOfGraphTest" time="0"/>
  <testcase classname="com.example.GraphTest" name="loudAndRichtest" time="0"/>
  <testcase classname="com.example.GraphTest" name="testGetAncestors" time="0"/>
  <testcase classname="com.example.GraphTest" name="findTheCityTest" time="0.001"/>
  <testcase classname="com.example.GraphTest" name="testLargestIsland" time="0"/>
  <testcase classname="com.example.GraphTest" name="testIsBipartiteTrue" time="0"/>
  <testcase classname="com.example.GraphTest" name="findProvincesTest" time="0"/>
  <testcase classname="com.example.GraphTest" name="testcountConnected" time="0"/>
  <testcase classname="com.example.GraphTest" name="isCycleTest2" time="0.001"/>
  <testcase classname="com.example.GraphTest" name="updateMatrixTest" time="0"/>
  <testcase classname="com.example.GraphTest" name="testFindOrder" time="0"/>
  <testcase classname="com.example.GraphTest" name="countPathsTest" time="0"/>
  <testcase classname="com.example.GraphTest" name="bfsOfGraphTest" time="0.001"/>
  <testcase classname="com.example.GraphTest" name="testAccountsMerge" time="0"/>
=======
  <testcase name="WordladderLengthTest" classname="com.example.GraphTest" time="0.008"/>
  <testcase name="surroundedRegionsTest" classname="com.example.GraphTest" time="0.0"/>
  <testcase name="testIsBipartiteFalse" classname="com.example.GraphTest" time="0.001"/>
  <testcase name="testBellmanFord" classname="com.example.GraphTest" time="0.001"/>
  <testcase name="networkDelayTimeTest" classname="com.example.GraphTest" time="0.004"/>
  <testcase name="eventualSafeNodesTest" classname="com.example.GraphTest" time="0.001"/>
  <testcase name="minimumEffortPathTest" classname="com.example.GraphTest" time="0.001"/>
  <testcase name="findCheapestPriceTest" classname="com.example.GraphTest" time="0.0"/>
  <testcase name="isCycleTest" classname="com.example.GraphTest" time="0.001"/>
  <testcase name="testFindRedundantConnection" classname="com.example.GraphTest" time="0.001"/>
  <testcase name="orangesRottingTest" classname="com.example.GraphTest" time="0.001"/>
  <testcase name="testMinimumSpanningTree" classname="com.example.GraphTest" time="0.0"/>
  <testcase name="shortestPathBinaryMatrixTest" classname="com.example.GraphTest" time="0.001"/>
  <testcase name="dfsOfGraphTest" classname="com.example.GraphTest" time="0.0"/>
  <testcase name="findTheCityTest" classname="com.example.GraphTest" time="0.001"/>
  <testcase name="testLargestIsland" classname="com.example.GraphTest" time="0.0"/>
  <testcase name="testIsBipartiteTrue" classname="com.example.GraphTest" time="0.0"/>
  <testcase name="findProvincesTest" classname="com.example.GraphTest" time="0.0"/>
  <testcase name="testcountConnected" classname="com.example.GraphTest" time="0.0"/>
  <testcase name="isCycleTest2" classname="com.example.GraphTest" time="0.0"/>
  <testcase name="updateMatrixTest" classname="com.example.GraphTest" time="0.0"/>
  <testcase name="testFindOrder" classname="com.example.GraphTest" time="0.0"/>
  <testcase name="countPathsTest" classname="com.example.GraphTest" time="0.001"/>
  <testcase name="bfsOfGraphTest" classname="com.example.GraphTest" time="0.007">
    <system-out><![CDATA[Hello There
]]></system-out>
  </testcase>
  <testcase name="testAccountsMerge" classname="com.example.GraphTest" time="0.0"/>
>>>>>>> c81f69e0da347fe7d9d90aca8b2f14d68b0bc3ab
</testsuite>